log generated with: svn log -r HEAD:1 
------------------------------------------------------------------------
r114 | victor.kareh | 2010-04-14 23:23:32 +0000 (Wed, 14 Apr 2010) | 1 line

add custom_search
------------------------------------------------------------------------
r113 | victor.kareh | 2010-04-14 23:22:53 +0000 (Wed, 14 Apr 2010) | 1 line

add course & hierarchical permissions
------------------------------------------------------------------------
r112 | victor.kareh | 2010-04-14 22:26:01 +0000 (Wed, 14 Apr 2010) | 1 line

template changes to account for new permission settings.
------------------------------------------------------------------------
r111 | victor.kareh | 2010-04-14 22:25:32 +0000 (Wed, 14 Apr 2010) | 1 line

All changes for today...
------------------------------------------------------------------------
r110 | victor.kareh | 2010-04-14 16:57:21 +0000 (Wed, 14 Apr 2010) | 1 line

pressflow 6.16 updates
------------------------------------------------------------------------
r109 | victor.kareh | 2010-04-14 16:55:47 +0000 (Wed, 14 Apr 2010) | 1 line

switchback.css udpate
------------------------------------------------------------------------
r108 | victor.kareh | 2010-04-14 16:54:56 +0000 (Wed, 14 Apr 2010) | 1 line

contrib module updates
------------------------------------------------------------------------
r107 | victor.kareh | 2010-04-14 16:46:45 +0000 (Wed, 14 Apr 2010) | 1 line

noderefcreate patches
------------------------------------------------------------------------
r106 | victor.kareh | 2010-04-14 16:46:11 +0000 (Wed, 14 Apr 2010) | 1 line

add htmlpurifier module
------------------------------------------------------------------------
r105 | victor.kareh | 2010-04-14 16:43:25 +0000 (Wed, 14 Apr 2010) | 1 line

switchback admin theme updates
------------------------------------------------------------------------
r104 | victor.kareh | 2010-04-14 16:42:58 +0000 (Wed, 14 Apr 2010) | 1 line

oer theme updates
------------------------------------------------------------------------
r103 | victor.kareh | 2010-04-14 16:37:15 +0000 (Wed, 14 Apr 2010) | 1 line

pressflow 6.16 update
------------------------------------------------------------------------
r102 | victor.kareh | 2010-04-14 16:35:43 +0000 (Wed, 14 Apr 2010) | 1 line

pressflow 6.16 update
------------------------------------------------------------------------
r101 | victor.kareh | 2010-04-13 14:38:55 +0000 (Tue, 13 Apr 2010) | 1 line

Changes for course versioning
------------------------------------------------------------------------
r100 | victor.kareh | 2010-04-13 14:38:36 +0000 (Tue, 13 Apr 2010) | 1 line

Changes for course versioning
------------------------------------------------------------------------
r99 | victor.kareh | 2010-04-10 21:29:51 +0000 (Sat, 10 Apr 2010) | 1 line

Breadcrumbs showing find even when not in find section.
------------------------------------------------------------------------
r98 | victor.kareh | 2010-04-10 20:19:53 +0000 (Sat, 10 Apr 2010) | 1 line

Update all modules to newer versions
------------------------------------------------------------------------
r97 | victor.kareh | 2010-04-06 22:52:35 +0000 (Tue, 06 Apr 2010) | 1 line

Link previous versions of courses
------------------------------------------------------------------------
r96 | victor.kareh | 2010-04-06 22:51:49 +0000 (Tue, 06 Apr 2010) | 1 line

Show unpublished nodes
------------------------------------------------------------------------
r95 | victor.kareh | 2010-04-05 11:58:25 +0000 (Mon, 05 Apr 2010) | 1 line

Last changes before content import
------------------------------------------------------------------------
r94 | victor.kareh | 2010-04-02 18:41:24 +0000 (Fri, 02 Apr 2010) | 1 line

Fix node preview error. See http://drupal.org/node/760518
------------------------------------------------------------------------
r93 | victor.kareh | 2010-04-01 20:33:57 +0000 (Thu, 01 Apr 2010) | 1 line

resolve conflicts with victors changes
------------------------------------------------------------------------
r92 | ken.rorick | 2010-04-01 20:26:30 +0000 (Thu, 01 Apr 2010) | 1 line

watch for and filter dot, tilde and macosx resource files in zip upload
------------------------------------------------------------------------
r91 | victor.kareh | 2010-03-31 22:52:23 +0000 (Wed, 31 Mar 2010) | 1 line

Add option to return to original node after creation
------------------------------------------------------------------------
r90 | victor.kareh | 2010-03-31 22:51:53 +0000 (Wed, 31 Mar 2010) | 1 line

Disable RDFa for AJAX calls
------------------------------------------------------------------------
r89 | victor.kareh | 2010-03-31 22:51:14 +0000 (Wed, 31 Mar 2010) | 1 line

Display title of currently published revision: http://drupal.org/node/738116
------------------------------------------------------------------------
r88 | ken.rorick | 2010-03-31 20:07:51 +0000 (Wed, 31 Mar 2010) | 1 line

add solr modules
------------------------------------------------------------------------
r87 | victor.kareh | 2010-03-26 01:11:10 +0000 (Fri, 26 Mar 2010) | 1 line

oer theme updates
------------------------------------------------------------------------
r86 | victor.kareh | 2010-03-26 01:10:21 +0000 (Fri, 26 Mar 2010) | 1 line

add new images
------------------------------------------------------------------------
r85 | victor.kareh | 2010-03-18 20:30:56 +0000 (Thu, 18 Mar 2010) | 1 line

files update
------------------------------------------------------------------------
r84 | victor.kareh | 2010-03-18 20:27:07 +0000 (Thu, 18 Mar 2010) | 1 line

latest database dump
------------------------------------------------------------------------
r83 | victor.kareh | 2010-03-18 19:41:49 +0000 (Thu, 18 Mar 2010) | 1 line

Disallow crawling the data folder
------------------------------------------------------------------------
r82 | victor.kareh | 2010-03-18 14:10:08 +0000 (Thu, 18 Mar 2010) | 1 line

set props
------------------------------------------------------------------------
r81 | victor.kareh | 2010-03-18 14:09:21 +0000 (Thu, 18 Mar 2010) | 1 line

add sql dumps
------------------------------------------------------------------------
r80 | victor.kareh | 2010-03-18 14:08:01 +0000 (Thu, 18 Mar 2010) | 1 line

test files added
------------------------------------------------------------------------
r79 | victor.kareh | 2010-03-18 14:07:33 +0000 (Thu, 18 Mar 2010) | 1 line

test files added
------------------------------------------------------------------------
r78 | victor.kareh | 2010-03-18 14:06:39 +0000 (Thu, 18 Mar 2010) | 1 line

add nodewords module
------------------------------------------------------------------------
r77 | victor.kareh | 2010-03-18 14:01:43 +0000 (Thu, 18 Mar 2010) | 1 line

add bulkupload.materials.inc (work in progress)
------------------------------------------------------------------------
r76 | victor.kareh | 2010-03-18 13:31:24 +0000 (Thu, 18 Mar 2010) | 1 line

new templates
------------------------------------------------------------------------
r75 | victor.kareh | 2010-03-18 09:34:19 +0000 (Thu, 18 Mar 2010) | 1 line

Add CC inheritance
------------------------------------------------------------------------
r74 | victor.kareh | 2010-03-18 08:05:45 +0000 (Thu, 18 Mar 2010) | 1 line

zip upload
------------------------------------------------------------------------
r73 | ken.rorick | 2010-03-18 02:39:11 +0000 (Thu, 18 Mar 2010) | 1 line

now uploading files to sites/(sitename)/files; still testing 
------------------------------------------------------------------------
r72 | ken.rorick | 2010-03-18 02:17:08 +0000 (Thu, 18 Mar 2010) | 1 line

better bulkupload, still testing
------------------------------------------------------------------------
r71 | ken.rorick | 2010-03-18 01:24:40 +0000 (Thu, 18 Mar 2010) | 1 line

fix access check
------------------------------------------------------------------------
r70 | ken.rorick | 2010-03-18 01:22:00 +0000 (Thu, 18 Mar 2010) | 1 line

add bulkupload module (work in progress, testing only)
------------------------------------------------------------------------
r69 | victor.kareh | 2010-03-17 23:57:16 +0000 (Wed, 17 Mar 2010) | 1 line


------------------------------------------------------------------------
r68 | victor.kareh | 2010-03-17 22:00:43 +0000 (Wed, 17 Mar 2010) | 1 line

Added bulkupload to nodereferrer tab.
------------------------------------------------------------------------
r67 | victor.kareh | 2010-03-17 21:25:55 +0000 (Wed, 17 Mar 2010) | 1 line


------------------------------------------------------------------------
r66 | victor.kareh | 2010-03-17 20:50:49 +0000 (Wed, 17 Mar 2010) | 1 line

Removed unused module
------------------------------------------------------------------------
r65 | victor.kareh | 2010-03-17 20:45:25 +0000 (Wed, 17 Mar 2010) | 1 line

Materials tables embedded within views
------------------------------------------------------------------------
r64 | ken.rorick | 2010-03-17 18:58:00 +0000 (Wed, 17 Mar 2010) | 1 line

removed modules
------------------------------------------------------------------------
r63 | victor.kareh | 2010-03-17 18:56:15 +0000 (Wed, 17 Mar 2010) | 1 line


------------------------------------------------------------------------
r62 | ken.rorick | 2010-03-17 18:48:45 +0000 (Wed, 17 Mar 2010) | 1 line

course functionality moved to openmichigan module
------------------------------------------------------------------------
r61 | victor.kareh | 2010-03-17 18:05:24 +0000 (Wed, 17 Mar 2010) | 1 line


------------------------------------------------------------------------
r60 | victor.kareh | 2010-03-17 17:52:30 +0000 (Wed, 17 Mar 2010) | 1 line


------------------------------------------------------------------------
r59 | victor.kareh | 2010-03-17 17:46:54 +0000 (Wed, 17 Mar 2010) | 1 line

add favicon
------------------------------------------------------------------------
r58 | victor.kareh | 2010-03-17 17:44:50 +0000 (Wed, 17 Mar 2010) | 1 line

update creativecommons
------------------------------------------------------------------------
r57 | victor.kareh | 2010-03-17 17:44:32 +0000 (Wed, 17 Mar 2010) | 1 line

udpate views_accordion
------------------------------------------------------------------------
r56 | victor.kareh | 2010-03-17 17:44:06 +0000 (Wed, 17 Mar 2010) | 1 line

cleanup views
------------------------------------------------------------------------
r55 | victor.kareh | 2010-03-17 17:42:47 +0000 (Wed, 17 Mar 2010) | 1 line

cleanup views
------------------------------------------------------------------------
r54 | victor.kareh | 2010-03-17 17:40:12 +0000 (Wed, 17 Mar 2010) | 1 line


------------------------------------------------------------------------
r53 | victor.kareh | 2010-03-17 17:39:50 +0000 (Wed, 17 Mar 2010) | 1 line

Override Views template to display materials
------------------------------------------------------------------------
r52 | victor.kareh | 2010-03-17 17:37:09 +0000 (Wed, 17 Mar 2010) | 1 line

update revisioning module
------------------------------------------------------------------------
r51 | victor.kareh | 2010-03-17 17:36:54 +0000 (Wed, 17 Mar 2010) | 1 line

install table_altrow module
------------------------------------------------------------------------
r50 | victor.kareh | 2010-03-17 17:36:37 +0000 (Wed, 17 Mar 2010) | 1 line

install openlicenses module
------------------------------------------------------------------------
r49 | victor.kareh | 2010-03-17 17:36:06 +0000 (Wed, 17 Mar 2010) | 1 line

install email module
------------------------------------------------------------------------
r48 | victor.kareh | 2010-03-17 17:35:51 +0000 (Wed, 17 Mar 2010) | 1 line

ckeditor module update
------------------------------------------------------------------------
r47 | victor.kareh | 2010-03-17 17:35:32 +0000 (Wed, 17 Mar 2010) | 1 line

install vertical_tabs module
------------------------------------------------------------------------
r46 | victor.kareh | 2010-03-17 17:35:05 +0000 (Wed, 17 Mar 2010) | 1 line

install iconizer module
------------------------------------------------------------------------
r45 | victor.kareh | 2010-03-17 17:34:47 +0000 (Wed, 17 Mar 2010) | 1 line

install openmichigan module
------------------------------------------------------------------------
r44 | victor.kareh | 2010-03-17 17:34:13 +0000 (Wed, 17 Mar 2010) | 1 line

installed module_grants-6.x-3.5.tar.gz
------------------------------------------------------------------------
r43 | victor.kareh | 2010-03-17 17:31:32 +0000 (Wed, 17 Mar 2010) | 1 line

fixup module_grants
------------------------------------------------------------------------
r42 | victor.kareh | 2010-03-17 17:09:46 +0000 (Wed, 17 Mar 2010) | 1 line

dropped fckeditor
------------------------------------------------------------------------
r41 | victor.kareh | 2010-03-17 17:08:00 +0000 (Wed, 17 Mar 2010) | 1 line

update sites/all/themes/oer
------------------------------------------------------------------------
r40 | victor.kareh | 2010-03-17 17:07:30 +0000 (Wed, 17 Mar 2010) | 1 line

update sites/all/themes/oer/images
------------------------------------------------------------------------
r39 | victor.kareh | 2010-03-17 17:06:07 +0000 (Wed, 17 Mar 2010) | 1 line

update oer.switchbackcms.com/files
------------------------------------------------------------------------
r38 | victor.kareh | 2010-03-17 17:03:57 +0000 (Wed, 17 Mar 2010) | 1 line

sites/default/files directory
------------------------------------------------------------------------
r37 | root | 2010-03-12 02:22:07 +0000 (Fri, 12 Mar 2010) | 1 line

move to new server
------------------------------------------------------------------------
r36 | root | 2010-03-12 02:20:34 +0000 (Fri, 12 Mar 2010) | 1 line

move to new server
------------------------------------------------------------------------
r35 | root | 2010-03-12 02:20:20 +0000 (Fri, 12 Mar 2010) | 1 line

move to new server
------------------------------------------------------------------------
r34 | root | 2010-03-12 02:20:00 +0000 (Fri, 12 Mar 2010) | 1 line

move to new server
------------------------------------------------------------------------
r33 | victor.kareh | 2010-03-09 19:57:31 +0000 (Tue, 09 Mar 2010) | 1 line

#1655: IP Management - Inherit License
------------------------------------------------------------------------
r32 | ken.rorick | 2010-03-09 19:37:59 +0000 (Tue, 09 Mar 2010) | 1 line

update files
------------------------------------------------------------------------
r31 | ken.rorick | 2010-03-09 19:32:46 +0000 (Tue, 09 Mar 2010) | 1 line

add views_bulk_operations module
------------------------------------------------------------------------
r30 | root | 2010-03-09 03:40:25 +0000 (Tue, 09 Mar 2010) | 1 line

Added more settings
------------------------------------------------------------------------
r29 | root | 2010-03-09 03:39:51 +0000 (Tue, 09 Mar 2010) | 1 line

Fix breadcrumb issue
------------------------------------------------------------------------
r28 | root | 2010-03-09 01:31:26 +0000 (Tue, 09 Mar 2010) | 1 line

Allow RDFa and FileFile to work together.
------------------------------------------------------------------------
r27 | root | 2010-03-08 22:39:26 +0000 (Mon, 08 Mar 2010) | 1 line

Debugging RDFa stuff
------------------------------------------------------------------------
r26 | root | 2010-03-08 21:50:01 +0000 (Mon, 08 Mar 2010) | 1 line

update test files
------------------------------------------------------------------------
r25 | root | 2010-03-08 21:48:50 +0000 (Mon, 08 Mar 2010) | 1 line

added weight module (JL)
------------------------------------------------------------------------
r24 | root | 2010-03-08 21:44:09 +0000 (Mon, 08 Mar 2010) | 1 line

theme cleanup
------------------------------------------------------------------------
r23 | root | 2010-03-08 21:35:10 +0000 (Mon, 08 Mar 2010) | 1 line

theme cleanup
------------------------------------------------------------------------
r22 | root | 2010-03-08 21:32:24 +0000 (Mon, 08 Mar 2010) | 1 line

theme maintenance
------------------------------------------------------------------------
r21 | root | 2010-03-08 21:30:23 +0000 (Mon, 08 Mar 2010) | 1 line

module updates
------------------------------------------------------------------------
r20 | root | 2010-03-08 21:28:04 +0000 (Mon, 08 Mar 2010) | 1 line

update modules
------------------------------------------------------------------------
r19 | root | 2010-03-08 21:27:57 +0000 (Mon, 08 Mar 2010) | 1 line

update modules
------------------------------------------------------------------------
r18 | root | 2010-03-08 21:27:07 +0000 (Mon, 08 Mar 2010) | 1 line

config update
------------------------------------------------------------------------
r17 | root | 2010-03-08 21:26:46 +0000 (Mon, 08 Mar 2010) | 1 line

victor test
------------------------------------------------------------------------
r16 | root | 2010-03-08 21:24:35 +0000 (Mon, 08 Mar 2010) | 1 line

modules added over last week
------------------------------------------------------------------------
r15 | root | 2010-03-08 21:24:03 +0000 (Mon, 08 Mar 2010) | 1 line

modules added over last week
------------------------------------------------------------------------
r14 | root | 2010-03-08 21:23:20 +0000 (Mon, 08 Mar 2010) | 1 line

modules added over last week
------------------------------------------------------------------------
r13 | root | 2010-03-08 21:23:02 +0000 (Mon, 08 Mar 2010) | 1 line

modules added over last week
------------------------------------------------------------------------
r12 | root | 2010-03-08 21:22:43 +0000 (Mon, 08 Mar 2010) | 1 line

modules added over last week
------------------------------------------------------------------------
r11 | root | 2010-03-08 21:21:36 +0000 (Mon, 08 Mar 2010) | 1 line

modules added over last week
------------------------------------------------------------------------
r10 | root | 2010-03-08 21:21:26 +0000 (Mon, 08 Mar 2010) | 1 line

modules added over last week
------------------------------------------------------------------------
r9 | root | 2010-03-08 21:21:16 +0000 (Mon, 08 Mar 2010) | 1 line

modules added over last week
------------------------------------------------------------------------
r8 | root | 2010-02-15 16:02:03 +0000 (Mon, 15 Feb 2010) | 1 line

add modules
------------------------------------------------------------------------
r7 | ken.rorick | 2010-02-15 16:00:21 +0000 (Mon, 15 Feb 2010) | 1 line

add jquery_ui module
------------------------------------------------------------------------
r6 | root | 2010-02-12 21:39:14 +0000 (Fri, 12 Feb 2010) | 1 line

add softlink to settings.php
------------------------------------------------------------------------
r5 | root | 2010-02-12 21:38:02 +0000 (Fri, 12 Feb 2010) | 1 line

more modules & themes
------------------------------------------------------------------------
r4 | root | 2010-02-12 20:26:35 +0000 (Fri, 12 Feb 2010) | 1 line

module & theme updates
------------------------------------------------------------------------
r3 | root | 2010-02-12 18:45:10 +0000 (Fri, 12 Feb 2010) | 1 line

file udpates
------------------------------------------------------------------------
r2 | root | 2010-02-12 18:44:32 +0000 (Fri, 12 Feb 2010) | 1 line

added modules
------------------------------------------------------------------------
r1 | root | 2010-02-12 17:28:46 +0000 (Fri, 12 Feb 2010) | 1 line

base pressflow installed
------------------------------------------------------------------------
